<?xml version="1.0" encoding="UTF-8"?>
<!-- Generated by org.testng.reporters.JUnitReportReporter -->
<testsuite hostname="A2ML32088" name="TestCases.tests.test" tests="1" failures="0" timestamp="27 Jun 2019 06:59:29 GMT" time="30.144" errors="0">
  <testcase name="testSignIn" time="30.144" classname="TestCases.tests.test"/>
</testsuite> <!-- TestCases.tests.test -->
