<?xml version="1.0" encoding="UTF-8"?>
<!-- Generated by org.testng.reporters.JUnitReportReporter -->
<testsuite hostname="A2ML32088" name="TestCases.tests.test" tests="4" failures="0" timestamp="27 Jun 2019 08:03:43 GMT" time="185.178" errors="0">
  <testcase name="testAddItemToCart" time="120.412" classname="TestCases.tests.test"/>
  <testcase name="testSignIn" time="11.276" classname="TestCases.tests.test"/>
  <testcase name="testDeleteItemFromCart" time="22.101" classname="TestCases.tests.test"/>
  <testcase name="LogOut" time="31.389" classname="TestCases.tests.test"/>
</testsuite> <!-- TestCases.tests.test -->
