<?xml version="1.0" encoding="UTF-8"?>
<!-- Generated by org.testng.reporters.JUnitReportReporter -->
<testsuite hostname="A2ML32088" name="TestCases.tests.test" tests="1" failures="0" timestamp="26 Jun 2019 07:39:56 GMT" time="100.959" errors="0">
  <testcase name="test123" time="100.959" classname="TestCases.tests.test"/>
</testsuite> <!-- TestCases.tests.test -->
